<?xml version="1.0" encoding="UTF-8"?>
<!-- Generated by org.testng.reporters.JUnitReportReporter -->
<testsuite hostname="LAPTOP-A15NSODN" failures="0" tests="2" name="com.testng.TestScript1Test" time="0.014" errors="0" timestamp="2023-09-15T16:29:53 IST" skipped="0">
  <testcase classname="com.testng.TestScript1Test" name="testcase1" time="0.005"/>
  <system-out/>
  <testcase classname="com.testng.TestScript1Test" name="testcase2" time="0.009"/>
  <system-out/>
</testsuite> <!-- com.testng.TestScript1Test -->
