<?xml version="1.0" encoding="UTF-8"?>
<!-- Generated by org.testng.reporters.JUnitReportReporter -->
<testsuite hostname="LAPTOP-A15NSODN" failures="0" tests="1" name="com.expenses.AddExpenses_genericUtil" time="5.364" errors="0" timestamp="2023-09-20T13:42:58 IST" skipped="0">
  <testcase classname="com.expenses.AddExpenses_genericUtil" name="addExpenses" time="5.364"/>
  <system-out/>
</testsuite> <!-- com.expenses.AddExpenses_genericUtil -->
