<?xml version="1.0" encoding="UTF-8"?>
<!-- Generated by org.testng.reporters.JUnitReportReporter -->
<testsuite hostname="LAPTOP-A15NSODN" failures="0" tests="1" name="com.practice.ReadDatafromCmdTest" time="3.099" errors="0" timestamp="2023-09-06T15:18:35 IST" skipped="0">
  <testcase classname="com.practice.ReadDatafromCmdTest" name="cmdtest" time="3.099"/>
  <system-out/>
</testsuite> <!-- com.practice.ReadDatafromCmdTest -->
