<?xml version="1.0" encoding="UTF-8"?>
<!-- Generated by org.testng.reporters.JUnitReportReporter -->
<testsuite hostname="LAPTOP-A15NSODN" failures="0" tests="1" name="com.account.CreateStudentId_genericUtil" time="8.360" errors="0" timestamp="2023-09-21T13:27:46 IST" skipped="0">
  <testcase classname="com.account.CreateStudentId_genericUtil" name="createStudentID" time="8.360"/>
  <system-out>
    <![CDATA[createStudentID-->Execution starts
createStudentID-->TestScript executed successfully]]>
  </system-out>
</testsuite> <!-- com.account.CreateStudentId_genericUtil -->
