<?xml version="1.0" encoding="UTF-8"?>
<!-- Generated by org.testng.reporters.JUnitReportReporter -->
<testsuite hostname="LAPTOP-A15NSODN" failures="0" tests="1" name="com.testng.Firefox" time="9.221" errors="0" timestamp="2023-09-20T09:28:49 IST" skipped="0">
  <testcase classname="com.testng.Firefox" name="ff" time="9.221"/>
  <system-out/>
</testsuite> <!-- com.testng.Firefox -->
