<?xml version="1.0" encoding="UTF-8"?>
<!-- Generated by org.testng.reporters.JUnitReportReporter -->
<testsuite hostname="LAPTOP-A15NSODN" failures="0" tests="5" name="com.testng.DPExecutionTest" time="0.010" errors="0" timestamp="2023-09-15T15:18:51 IST" skipped="2">
  <testcase classname="com.testng.DPExecutionTest" name="getDataFromExcel" time="0.006"/>
  <system-out/>
  <testcase classname="com.testng.DPExecutionTest" name="getDataFromExcel" time="0.003"/>
  <system-out/>
  <testcase classname="com.testng.DPExecutionTest" name="getDataFromExcel" time="0.001"/>
  <system-out/>
  <testcase classname="com.testng.DPExecutionTest" name="getMobile">
    <skipped/>
  </testcase> <!-- getMobile -->
  <system-out/>
  <testcase classname="com.testng.DPExecutionTest" name="getTV">
    <skipped/>
  </testcase> <!-- getTV -->
  <system-out/>
</testsuite> <!-- com.testng.DPExecutionTest -->
